{
  "RSpec": {
    "coverage": {
      "H:/Casa/WorkingSpace/casa-api/app/helpers/application_helper.rb": [
        1,
        null
      ],
      "H:/Casa/WorkingSpace/casa-api/app/models/clause_master.rb": [
        1,
        null,
        1,
        null
      ],
      "H:/Casa/WorkingSpace/casa-api/app/models/application_record.rb": [
        1,
        1,
        null
      ],
      "H:/Casa/WorkingSpace/casa-api/app/controllers/clause_masters_controller.rb": [
        1,
        1,
        null,
        null,
        null,
        1,
        1,
        null,
        null,
        null,
        null,
        1,
        null,
        null,
        null,
        1,
        0,
        null,
        null,
        null,
        1,
        null,
        null,
        null,
        null,
        1,
        0,
        null,
        0,
        0,
        0,
        0,
        null,
        0,
        0,
        null,
        null,
        null,
        null,
        null,
        null,
        1,
        0,
        0,
        0,
        0,
        null,
        0,
        0,
        null,
        null,
        null,
        null,
        null,
        null,
        1,
        0,
        0,
        0,
        0,
        null,
        null,
        null,
        1,
        null,
        1,
        0,
        null,
        null,
        null,
        1,
        0,
        null,
        null
      ],
      "H:/Casa/WorkingSpace/casa-api/app/controllers/application_controller.rb": [
        1,
        null,
        null,
        1,
        null
      ],
      "H:/Casa/WorkingSpace/casa-api/app/controllers/home_controller.rb": [
        0,
        0,
        0,
        0,
        0,
        null,
        0,
        0,
        0
      ]
    },
    "timestamp": 1554009854
  },
  "(1/12)": {
    "coverage": {
      "H:/Casa/WorkingSpace/casa-api/app/helpers/application_helper.rb": [
        1,
        null
      ],
      "H:/Casa/WorkingSpace/casa-api/app/controllers/clause_masters_controller.rb": [
        1,
        1,
        null,
        null,
        null,
        1,
        1,
        null,
        null,
        null,
        null,
        1,
        null,
        null,
        null,
        1,
        0,
        null,
        null,
        null,
        1,
        null,
        null,
        null,
        null,
        1,
        0,
        null,
        0,
        0,
        0,
        0,
        null,
        0,
        0,
        null,
        null,
        null,
        null,
        null,
        null,
        1,
        0,
        0,
        0,
        0,
        null,
        0,
        0,
        null,
        null,
        null,
        null,
        null,
        null,
        1,
        0,
        0,
        0,
        0,
        null,
        null,
        null,
        1,
        null,
        1,
        0,
        null,
        null,
        null,
        1,
        0,
        null,
        null
      ],
      "H:/Casa/WorkingSpace/casa-api/app/controllers/application_controller.rb": [
        1,
        null,
        null,
        1,
        null
      ],
      "H:/Casa/WorkingSpace/casa-api/app/models/clause_master.rb": [
        1,
        null,
        1,
        null
      ],
      "H:/Casa/WorkingSpace/casa-api/app/models/application_record.rb": [
        1,
        1,
        null
      ],
      "H:/Casa/WorkingSpace/casa-api/app/controllers/home_controller.rb": [
        0,
        0,
        0,
        0,
        0,
        null,
        0,
        0,
        0
      ]
    },
    "timestamp": 1554009967
  },
  "(2/12)": {
    "coverage": {
      "H:/Casa/WorkingSpace/casa-api/app/helpers/application_helper.rb": [
        1,
        null
      ],
      "H:/Casa/WorkingSpace/casa-api/app/models/clause_master.rb": [
        1,
        null,
        1,
        null
      ],
      "H:/Casa/WorkingSpace/casa-api/app/models/application_record.rb": [
        1,
        1,
        null
      ],
      "H:/Casa/WorkingSpace/casa-api/app/controllers/application_controller.rb": [
        0,
        null,
        null,
        0,
        0
      ],
      "H:/Casa/WorkingSpace/casa-api/app/controllers/clause_masters_controller.rb": [
        0,
        0,
        null,
        null,
        null,
        0,
        0,
        0,
        null,
        null,
        null,
        0,
        0,
        null,
        null,
        0,
        0,
        0,
        null,
        null,
        0,
        0,
        null,
        null,
        null,
        0,
        0,
        null,
        0,
        0,
        0,
        0,
        0,
        0,
        0,
        0,
        0,
        0,
        null,
        null,
        null,
        0,
        0,
        0,
        0,
        0,
        0,
        0,
        0,
        0,
        0,
        0,
        null,
        null,
        null,
        0,
        0,
        0,
        0,
        0,
        0,
        0,
        null,
        0,
        null,
        0,
        0,
        0,
        null,
        null,
        0,
        0,
        0,
        0
      ],
      "H:/Casa/WorkingSpace/casa-api/app/controllers/home_controller.rb": [
        0,
        0,
        0,
        0,
        0,
        null,
        0,
        0,
        0
      ]
    },
    "timestamp": 1554009969
  }
}
