{
  "RSpec": {
    "coverage": {
      "H:/Casa/WorkingSpace/casa-api/app/helpers/application_helper.rb": [
        1,
        null
      ],
      "H:/Casa/WorkingSpace/casa-api/app/models/clause_master.rb": [
        1,
        1,
        null
      ],
      "H:/Casa/WorkingSpace/casa-api/app/models/application_record.rb": [
        1,
        1,
        null
      ],
      "H:/Casa/WorkingSpace/casa-api/app/controllers/clause_masters_controller.rb": [
        1,
        1,
        null,
        null,
        null,
        1,
        3,
        null,
        null,
        null,
        null,
        1,
        null,
        null,
        1,
        2,
        null,
        null,
        null,
        1,
        null,
        null,
        null,
        1,
        3,
        null,
        3,
        3,
        4,
        2,
        null,
        2,
        1,
        null,
        null,
        null,
        null,
        null,
        null,
        1,
        1,
        1,
        2,
        1,
        null,
        0,
        0,
        null,
        null,
        null,
        null,
        null,
        null,
        1,
        1,
        1,
        2,
        1,
        null,
        null,
        null,
        1,
        null,
        null,
        1,
        3,
        null,
        null,
        null,
        1,
        4,
        null,
        null
      ],
      "H:/Casa/WorkingSpace/casa-api/app/controllers/application_controller.rb": [
        1,
        null,
        null,
        1,
        null
      ],
      "H:/Casa/WorkingSpace/casa-api/app/controllers/home_controller.rb": [
        0,
        0,
        0,
        0,
        0,
        null,
        0,
        0,
        0
      ]
    },
    "timestamp": 1554017749
  },
  "(1/12)": {
    "coverage": {
      "H:/Casa/WorkingSpace/casa-api/app/helpers/application_helper.rb": [
        1,
        null
      ],
      "H:/Casa/WorkingSpace/casa-api/app/models/clause_master.rb": [
        1,
        1,
        null
      ],
      "H:/Casa/WorkingSpace/casa-api/app/models/application_record.rb": [
        1,
        1,
        null
      ],
      "H:/Casa/WorkingSpace/casa-api/app/controllers/clause_masters_controller.rb": [
        1,
        1,
        null,
        null,
        null,
        1,
        3,
        null,
        null,
        null,
        null,
        1,
        null,
        null,
        1,
        2,
        null,
        null,
        null,
        1,
        null,
        null,
        null,
        1,
        3,
        null,
        3,
        3,
        4,
        2,
        null,
        2,
        1,
        null,
        null,
        null,
        null,
        null,
        null,
        1,
        1,
        1,
        2,
        1,
        null,
        0,
        0,
        null,
        null,
        null,
        null,
        null,
        null,
        1,
        1,
        1,
        2,
        1,
        null,
        null,
        null,
        1,
        null,
        null,
        1,
        3,
        null,
        null,
        null,
        1,
        4,
        null,
        null
      ],
      "H:/Casa/WorkingSpace/casa-api/app/controllers/application_controller.rb": [
        1,
        null,
        null,
        1,
        null
      ],
      "H:/Casa/WorkingSpace/casa-api/app/controllers/home_controller.rb": [
        0,
        0,
        0,
        0,
        0,
        null,
        0,
        0,
        0
      ]
    },
    "timestamp": 1554017818
  },
  "(2/12)": {
    "coverage": {
      "H:/Casa/WorkingSpace/casa-api/app/helpers/application_helper.rb": [
        1,
        null
      ],
      "H:/Casa/WorkingSpace/casa-api/app/models/clause_master.rb": [
        1,
        1,
        null
      ],
      "H:/Casa/WorkingSpace/casa-api/app/models/application_record.rb": [
        1,
        1,
        null
      ],
      "H:/Casa/WorkingSpace/casa-api/app/controllers/application_controller.rb": [
        0,
        null,
        null,
        0,
        0
      ],
      "H:/Casa/WorkingSpace/casa-api/app/controllers/clause_masters_controller.rb": [
        0,
        0,
        null,
        null,
        null,
        0,
        0,
        0,
        null,
        null,
        null,
        0,
        null,
        null,
        0,
        0,
        0,
        null,
        null,
        0,
        null,
        null,
        null,
        0,
        0,
        null,
        0,
        0,
        0,
        0,
        0,
        0,
        0,
        0,
        0,
        0,
        null,
        null,
        null,
        0,
        0,
        0,
        0,
        0,
        0,
        0,
        0,
        0,
        0,
        0,
        null,
        null,
        null,
        0,
        0,
        0,
        0,
        0,
        0,
        0,
        null,
        0,
        null,
        null,
        0,
        0,
        0,
        null,
        null,
        0,
        0,
        0,
        0
      ],
      "H:/Casa/WorkingSpace/casa-api/app/controllers/home_controller.rb": [
        0,
        0,
        0,
        0,
        0,
        null,
        0,
        0,
        0
      ]
    },
    "timestamp": 1554017816
  }
}
